<?xml version="1.0" encoding="UTF-8" ?>
<testsuite tests="2" failures="0" name="com.gwt.client.GwtTestgwt" time="31.63" errors="0" skipped="0">
  <properties>
    <property name="java.runtime.name" value="Java(TM) SE Runtime Environment"/>
    <property name="sun.boot.library.path" value="c:\Program Files\Java\jdk1.8.0_101\jre\bin"/>
    <property name="java.vm.version" value="25.101-b13"/>
    <property name="org.w3c.css.sac.parser" value="com.steadystate.css.parser.SACParserCSS3"/>
    <property name="java.vm.vendor" value="Oracle Corporation"/>
    <property name="java.vendor.url" value="http://java.oracle.com/"/>
    <property name="path.separator" value=";"/>
    <property name="java.vm.name" value="Java HotSpot(TM) 64-Bit Server VM"/>
    <property name="file.encoding.pkg" value="sun.io"/>
    <property name="user.script" value=""/>
    <property name="user.country" value="RU"/>
    <property name="sun.java.launcher" value="SUN_STANDARD"/>
    <property name="sun.os.patch.level" value="Service Pack 1"/>
    <property name="surefire.reports" value="C:\JavaProjects\maven_test\gwt\target\surefire-reports"/>
    <property name="java.vm.specification.name" value="Java Virtual Machine Specification"/>
    <property name="user.dir" value="C:\JavaProjects\maven_test\gwt"/>
    <property name="java.runtime.version" value="1.8.0_101-b13"/>
    <property name="java.awt.graphicsenv" value="sun.awt.Win32GraphicsEnvironment"/>
    <property name="java.endorsed.dirs" value="c:\Program Files\Java\jdk1.8.0_101\jre\lib\endorsed"/>
    <property name="os.arch" value="amd64"/>
    <property name="java.io.tmpdir" value="C:\Users\taliesyn\AppData\Local\Temp\"/>
    <property name="line.separator" value="
"/>
    <property name="java.vm.specification.vendor" value="Oracle Corporation"/>
    <property name="user.variant" value=""/>
    <property name="os.name" value="Windows 7"/>
    <property name="sun.jnu.encoding" value="Cp1251"/>
    <property name="java.library.path" value="c:\Program Files\Java\jdk1.8.0_101\jre\bin;C:\Windows\Sun\Java\bin;C:\Windows\system32;C:\Windows;C:/Program Files/Java/jre1.8.0_251/bin/server;C:/Program Files/Java/jre1.8.0_251/bin;C:/Program Files/Java/jre1.8.0_251/lib/amd64;C:\Program Files (x86)\Total Commander PowerUser v55\;C:\Program Files (x86)\Common Files\Oracle\Java\javapath;C:\Program Files (x86)\AMD APP\bin\x86_64;C:\Program Files (x86)\AMD APP\bin\x86;C:\ProgramData\Oracle\Java\javapath;C:\Windows\system32;C:\Windows;C:\Windows\system32\wbem;C:\Program Files\Java\jdk1.7.0_13\bin; C:\MinGW\bin;C:\Program Files (x86)\ATI Technologies\ATI.ACE\Core-Static;c:\Program Files\apache-maven-3.3.1\bin\;C:\Program Files\MySQL\MySQL Server 5.5\bin;C:\Program Files\TortoiseGit\bin;c:\JavaLibraries\webservers\apache-tomcat-8.5.20\bin;c:\proj\java-librares;c:\proj\java-librares\jdbc\mysql-connector-java-5.1.39;c:\Program Files\apache-ant-1.10.1\bin\;c:\Program Files\Java\jdk1.8.0_101\bin;C:\Program Files\Git\cmd;C:\Program Files\Calibre2\;C:\Program Files (x86)\Cracklock\Bin;c:\JavaLibraries\db\db-derby-10.13.1.1-bin\bin;c:\JavaLibraries\webservers\apache-tomcat-8.5.20\bin;c:\Program Files\Java\jdk1.8.0_101\bin;c:\Program Files\PostgreSQL\9.4\\bin;C:\JavaLibraries\-IDE-\eclipse Luna Service Release 1 (4.4.1);;."/>
    <property name="gwt.args" value="-war C:\\JavaProjects\\maven_test\\gwt\\target/www-test -logLevel INFO -devMode -nocheckAssertions -XclusterFunctions -XcheckCasts -XclassMetadata -XcodeSplitting -nodraftCompile -XinlineLiteralParameters -XoptimizeDataflow -XordinalizeEnums -XremoveDuplicateFunctions -noshowUi -sourceLevel 1.8 -testBeginTimeout 1 -testMethodTimeout 5 -Xtries 1 -noincremental -precompile simple -runStyle HtmlUnit:FF38"/>
    <property name="java.specification.name" value="Java Platform API Specification"/>
    <property name="java.class.version" value="52.0"/>
    <property name="sun.management.compiler" value="HotSpot 64-Bit Tiered Compilers"/>
    <property name="os.version" value="6.1"/>
    <property name="user.home" value="C:\Users\taliesyn"/>
    <property name="user.timezone" value="Europe/Helsinki"/>
    <property name="java.awt.printerjob" value="sun.awt.windows.WPrinterJob"/>
    <property name="java.specification.version" value="1.8"/>
    <property name="file.encoding" value="Cp1251"/>
    <property name="user.name" value="taliesyn"/>
    <property name="java.class.path" value="C:\JavaProjects\maven_test\gwt\target\gwt\WEB-INF\classes;C:\JavaProjects\maven_test\gwt\src\main\java;C:\JavaProjects\maven_test\gwt\src\test\java;C:\JavaProjects\maven_test\gwt\src\test\resources;C:\JavaProjects\maven_test\gwt\target\test-classes;C:\Users\taliesyn\.m2\repository\com\google\gwt\gwt-servlet\2.8.1\gwt-servlet-2.8.1.jar;C:\Users\taliesyn\.m2\repository\com\google\gwt\gwt-user\2.8.1\gwt-user-2.8.1.jar;C:\Users\taliesyn\.m2\repository\com\google\jsinterop\jsinterop-annotations\1.0.1\jsinterop-annotations-1.0.1.jar;C:\Users\taliesyn\.m2\repository\com\google\jsinterop\jsinterop-annotations\1.0.1\jsinterop-annotations-1.0.1-sources.jar;C:\Users\taliesyn\.m2\repository\javax\validation\validation-api\1.0.0.GA\validation-api-1.0.0.GA.jar;C:\Users\taliesyn\.m2\repository\javax\validation\validation-api\1.0.0.GA\validation-api-1.0.0.GA-sources.jar;C:\Users\taliesyn\.m2\repository\javax\servlet\javax.servlet-api\3.1.0\javax.servlet-api-3.1.0.jar;C:\Users\taliesyn\.m2\repository\org\w3c\css\sac\1.3\sac-1.3.jar;C:\Users\taliesyn\.m2\repository\com\google\gwt\gwt-dev\2.8.1\gwt-dev-2.8.1.jar;C:\Users\taliesyn\.m2\repository\com\google\code\gson\gson\2.6.2\gson-2.6.2.jar;C:\Users\taliesyn\.m2\repository\org\ow2\asm\asm\5.0.3\asm-5.0.3.jar;C:\Users\taliesyn\.m2\repository\org\ow2\asm\asm-util\5.0.3\asm-util-5.0.3.jar;C:\Users\taliesyn\.m2\repository\org\ow2\asm\asm-tree\5.0.3\asm-tree-5.0.3.jar;C:\Users\taliesyn\.m2\repository\org\ow2\asm\asm-commons\5.0.3\asm-commons-5.0.3.jar;C:\Users\taliesyn\.m2\repository\colt\colt\1.2.0\colt-1.2.0.jar;C:\Users\taliesyn\.m2\repository\ant\ant\1.6.5\ant-1.6.5.jar;C:\Users\taliesyn\.m2\repository\commons-collections\commons-collections\3.2.2\commons-collections-3.2.2.jar;C:\Users\taliesyn\.m2\repository\commons-io\commons-io\2.4\commons-io-2.4.jar;C:\Users\taliesyn\.m2\repository\com\ibm\icu\icu4j\50.1.1\icu4j-50.1.1.jar;C:\Users\taliesyn\.m2\repository\tapestry\tapestry\4.0.2\tapestry-4.0.2.jar;C:\Users\taliesyn\.m2\repository\net\sourceforge\htmlunit\htmlunit\2.19\htmlunit-2.19.jar;C:\Users\taliesyn\.m2\repository\xalan\xalan\2.7.2\xalan-2.7.2.jar;C:\Users\taliesyn\.m2\repository\xalan\serializer\2.7.2\serializer-2.7.2.jar;C:\Users\taliesyn\.m2\repository\org\apache\commons\commons-lang3\3.4\commons-lang3-3.4.jar;C:\Users\taliesyn\.m2\repository\org\apache\httpcomponents\httpclient\4.5.1\httpclient-4.5.1.jar;C:\Users\taliesyn\.m2\repository\org\apache\httpcomponents\httpcore\4.4.3\httpcore-4.4.3.jar;C:\Users\taliesyn\.m2\repository\org\apache\httpcomponents\httpmime\4.5.1\httpmime-4.5.1.jar;C:\Users\taliesyn\.m2\repository\commons-codec\commons-codec\1.10\commons-codec-1.10.jar;C:\Users\taliesyn\.m2\repository\net\sourceforge\htmlunit\htmlunit-core-js\2.17\htmlunit-core-js-2.17.jar;C:\Users\taliesyn\.m2\repository\xerces\xercesImpl\2.11.0\xercesImpl-2.11.0.jar;C:\Users\taliesyn\.m2\repository\xml-apis\xml-apis\1.4.01\xml-apis-1.4.01.jar;C:\Users\taliesyn\.m2\repository\net\sourceforge\nekohtml\nekohtml\1.9.22\nekohtml-1.9.22.jar;C:\Users\taliesyn\.m2\repository\net\sourceforge\cssparser\cssparser\0.9.18\cssparser-0.9.18.jar;C:\Users\taliesyn\.m2\repository\commons-logging\commons-logging\1.2\commons-logging-1.2.jar;C:\Users\taliesyn\.m2\repository\org\eclipse\jetty\websocket\websocket-client\9.2.13.v20150730\websocket-client-9.2.13.v20150730.jar;C:\Users\taliesyn\.m2\repository\org\eclipse\jetty\websocket\websocket-common\9.2.14.v20151106\websocket-common-9.2.14.v20151106.jar;C:\Users\taliesyn\.m2\repository\org\eclipse\jetty\websocket\websocket-api\9.2.14.v20151106\websocket-api-9.2.14.v20151106.jar;C:\Users\taliesyn\.m2\repository\org\eclipse\jetty\jetty-webapp\9.2.14.v20151106\jetty-webapp-9.2.14.v20151106.jar;C:\Users\taliesyn\.m2\repository\org\eclipse\jetty\jetty-xml\9.2.14.v20151106\jetty-xml-9.2.14.v20151106.jar;C:\Users\taliesyn\.m2\repository\org\eclipse\jetty\jetty-servlet\9.2.14.v20151106\jetty-servlet-9.2.14.v20151106.jar;C:\Users\taliesyn\.m2\repository\org\eclipse\jetty\jetty-security\9.2.14.v20151106\jetty-security-9.2.14.v20151106.jar;C:\Users\taliesyn\.m2\repository\org\eclipse\jetty\jetty-servlets\9.2.14.v20151106\jetty-servlets-9.2.14.v20151106.jar;C:\Users\taliesyn\.m2\repository\org\eclipse\jetty\jetty-continuation\9.2.14.v20151106\jetty-continuation-9.2.14.v20151106.jar;C:\Users\taliesyn\.m2\repository\org\eclipse\jetty\jetty-http\9.2.14.v20151106\jetty-http-9.2.14.v20151106.jar;C:\Users\taliesyn\.m2\repository\org\eclipse\jetty\jetty-util\9.2.14.v20151106\jetty-util-9.2.14.v20151106.jar;C:\Users\taliesyn\.m2\repository\org\eclipse\jetty\jetty-io\9.2.14.v20151106\jetty-io-9.2.14.v20151106.jar;C:\Users\taliesyn\.m2\repository\org\eclipse\jetty\jetty-annotations\9.2.14.v20151106\jetty-annotations-9.2.14.v20151106.jar;C:\Users\taliesyn\.m2\repository\org\eclipse\jetty\jetty-plus\9.2.14.v20151106\jetty-plus-9.2.14.v20151106.jar;C:\Users\taliesyn\.m2\repository\org\eclipse\jetty\jetty-jndi\9.2.14.v20151106\jetty-jndi-9.2.14.v20151106.jar;C:\Users\taliesyn\.m2\repository\javax\annotation\javax.annotation-api\1.2\javax.annotation-api-1.2.jar;C:\Users\taliesyn\.m2\repository\org\eclipse\jetty\apache-jsp\9.2.14.v20151106\apache-jsp-9.2.14.v20151106.jar;C:\Users\taliesyn\.m2\repository\org\eclipse\jetty\jetty-server\9.2.14.v20151106\jetty-server-9.2.14.v20151106.jar;C:\Users\taliesyn\.m2\repository\org\eclipse\jetty\toolchain\jetty-schemas\3.1.M0\jetty-schemas-3.1.M0.jar;C:\Users\taliesyn\.m2\repository\org\mortbay\jasper\apache-jsp\8.0.9.M3\apache-jsp-8.0.9.M3.jar;C:\Users\taliesyn\.m2\repository\org\mortbay\jasper\apache-el\8.0.9.M3\apache-el-8.0.9.M3.jar;C:\Users\taliesyn\.m2\repository\junit\junit\4.11\junit-4.11.jar;C:\Users\taliesyn\.m2\repository\org\hamcrest\hamcrest-core\1.3\hamcrest-core-1.3.jar;C:\Users\taliesyn\.m2\repository\org\codehaus\mojo\gwt-maven-plugin\2.8.1\gwt-maven-plugin-2.8.1.jar;C:\Users\taliesyn\.m2\repository\org\apache\maven\surefire\surefire-api\2.4.3\surefire-api-2.4.3.jar"/>
    <property name="java.vm.specification.version" value="1.8"/>
    <property name="sun.arch.data.model" value="64"/>
    <property name="java.home" value="c:\Program Files\Java\jdk1.8.0_101\jre"/>
    <property name="sun.java.command" value="org.codehaus.mojo.gwt.test.MavenTestRunner com.gwt.client.GwtTestgwt"/>
    <property name="java.specification.vendor" value="Oracle Corporation"/>
    <property name="user.language" value="ru"/>
    <property name="awt.toolkit" value="sun.awt.windows.WToolkit"/>
    <property name="java.vm.info" value="mixed mode"/>
    <property name="org.eclipse.jetty.xml.XmlParser.Validating" value="false"/>
    <property name="java.version" value="1.8.0_101"/>
    <property name="java.ext.dirs" value="c:\Program Files\Java\jdk1.8.0_101\jre\lib\ext;C:\Windows\Sun\Java\lib\ext"/>
    <property name="sun.boot.class.path" value="c:\Program Files\Java\jdk1.8.0_101\jre\lib\resources.jar;c:\Program Files\Java\jdk1.8.0_101\jre\lib\rt.jar;c:\Program Files\Java\jdk1.8.0_101\jre\lib\sunrsasign.jar;c:\Program Files\Java\jdk1.8.0_101\jre\lib\jsse.jar;c:\Program Files\Java\jdk1.8.0_101\jre\lib\jce.jar;c:\Program Files\Java\jdk1.8.0_101\jre\lib\charsets.jar;c:\Program Files\Java\jdk1.8.0_101\jre\lib\jfr.jar;c:\Program Files\Java\jdk1.8.0_101\jre\classes"/>
    <property name="java.vendor" value="Oracle Corporation"/>
    <property name="file.separator" value="\"/>
    <property name="java.vendor.url.bug" value="http://bugreport.sun.com/bugreport/"/>
    <property name="sun.cpu.endian" value="little"/>
    <property name="sun.io.unicode.encoding" value="UnicodeLittle"/>
    <property name="sun.desktop" value="windows"/>
    <property name="sun.cpu.isalist" value="amd64"/>
  </properties>
  <testcase classname="com.gwt.client.GwtTestgwt" name="testGreetingService" time="31.464"/>
  <testcase classname="com.gwt.client.GwtTestgwt" name="testFieldVerifier" time="0.136"/>
</testsuite>